<?xml version="1.0" encoding="UTF-8"?>
<!-- Generated by org.testng.reporters.JUnitXMLReporter -->
<testsuite hostname="King" name="自动新增小区流程" tests="7" failures="0" timestamp="26 Sep 2018 06:59:29 GMT" time="38.599" errors="0">
  <testcase name="Precondition" time="0.864" classname="TestCases.New_District_Process"/>
  <testcase name="case1" time="9.366" classname="TestCases.New_District_Process"/>
  <testcase name="case2" time="5.224" classname="TestCases.New_District_Process"/>
  <testcase name="case3" time="3.142" classname="TestCases.New_District_Process"/>
  <testcase name="case4" time="2.118" classname="TestCases.New_District_Process"/>
  <testcase name="case5" time="4.42" classname="TestCases.New_District_Process"/>
  <testcase name="case6" time="6.536" classname="TestCases.New_District_Process"/>
</testsuite> <!-- 自动新增小区流程 -->
