<?xml version="1.0" encoding="UTF-8"?>
<!-- Generated by org.testng.reporters.JUnitXMLReporter -->
<testsuite hostname="King" name="用户自动新增小区流程" tests="7" failures="0" timestamp="26 Sep 2018 07:05:53 GMT" time="36.976" errors="0">
  <testcase name="Precondition" time="0.821" classname="TestCases.New_District_Process"/>
  <testcase name="case1" time="9.501" classname="TestCases.New_District_Process"/>
  <testcase name="case2" time="4.722" classname="TestCases.New_District_Process"/>
  <testcase name="case3" time="2.854" classname="TestCases.New_District_Process"/>
  <testcase name="case4" time="2.093" classname="TestCases.New_District_Process"/>
  <testcase name="case5" time="4.304" classname="TestCases.New_District_Process"/>
  <testcase name="case6" time="6.186" classname="TestCases.New_District_Process"/>
</testsuite> <!-- 用户自动新增小区流程 -->
