<?xml version="1.0" encoding="UTF-8"?>
<!-- Generated by org.testng.reporters.JUnitXMLReporter -->
<testsuite hostname="King" name="乐客用户端自动登录流程" tests="3" failures="1" timestamp="5 Sep 2018 09:39:23 GMT" time="64.977" errors="0">
  <testcase name="case1" time="11.995" classname="TestCases.LuckeyLogin">
    <failure type="java.lang.reflect.InvocationTargetException">
      <![CDATA[java.lang.reflect.InvocationTargetException
	at sun.reflect.NativeMethodAccessorImpl.invoke0(Native Method)
	at sun.reflect.NativeMethodAccessorImpl.invoke(NativeMethodAccessorImpl.java:62)
	at sun.reflect.DelegatingMethodAccessorImpl.invoke(DelegatingMethodAccessorImpl.java:43)
	at java.lang.reflect.Method.invoke(Method.java:498)
	at com.jmoney.luckeylink.service.RunUnitService.runCase(RunUnitService.java:85)
	at TestCases.LuckeyLogin.case1(LuckeyLogin.java:30)
	at sun.reflect.NativeMethodAccessorImpl.invoke0(Native Method)
	at sun.reflect.NativeMethodAccessorImpl.invoke(NativeMethodAccessorImpl.java:62)
	at sun.reflect.DelegatingMethodAccessorImpl.invoke(DelegatingMethodAccessorImpl.java:43)
	at java.lang.reflect.Method.invoke(Method.java:498)
	at org.testng.internal.MethodInvocationHelper.invokeMethod(MethodInvocationHelper.java:86)
	at org.testng.internal.InvokeMethodRunnable.runOne(InvokeMethodRunnable.java:54)
	at org.testng.internal.InvokeMethodRunnable.run(InvokeMethodRunnable.java:44)
	at java.util.concurrent.Executors$RunnableAdapter.call(Executors.java:511)
	at java.util.concurrent.FutureTask.run(FutureTask.java:266)
	at java.util.concurrent.ThreadPoolExecutor.runWorker(ThreadPoolExecutor.java:1142)
	at java.util.concurrent.ThreadPoolExecutor$Worker.run(ThreadPoolExecutor.java:617)
	at java.lang.Thread.run(Thread.java:745)
Caused by: java.lang.AssertionError: 进入首页主界面失败(实际结果和预期结果不一致)  Actual 【请选择小区】  but found 【请选择小区1】
	at org.testng.Assert.fail(Assert.java:94)
	at com.jmoney.luckeylink.handler.CheckActionHandler.checkEqualsAndroid(CheckActionHandler.java:152)
	at com.jmoney.luckeylink.handler.CheckActionHandler.androidCheck(CheckActionHandler.java:48)
	... 18 more
]]>
    </failure>
  </testcase> <!-- case1 -->
  <testcase name="case2" time="2.373" classname="TestCases.LuckeyLogin"/>
  <testcase name="case4" time="18.171" classname="TestCases.LuckeyLogin"/>
</testsuite> <!-- 乐客用户端自动登录流程 -->
