<?xml version="1.0" encoding="UTF-8"?>
<!-- Generated by org.testng.reporters.JUnitReportReporter -->
<testsuite hostname="King" name="TestCases.New_District_Process" tests="9" failures="0" timestamp="28 Sep 2018 09:41:41 GMT" time="44.768" errors="0">
  <testcase name="case6" time="6.523" classname="TestCases.New_District_Process"/>
  <testcase name="case2" time="7.328" classname="TestCases.New_District_Process"/>
  <testcase name="case8" time="3.985" classname="TestCases.New_District_Process"/>
  <testcase name="case4" time="2.129" classname="TestCases.New_District_Process"/>
  <testcase name="Precondition" time="9.795" classname="TestCases.New_District_Process"/>
  <testcase name="case3" time="2.824" classname="TestCases.New_District_Process"/>
  <testcase name="case7" time="2.321" classname="TestCases.New_District_Process"/>
  <testcase name="case5" time="4.319" classname="TestCases.New_District_Process"/>
  <testcase name="case1" time="5.544" classname="TestCases.New_District_Process"/>
</testsuite> <!-- TestCases.New_District_Process -->
