<?xml version="1.0" encoding="UTF-8"?>
<testsuite name="乐客用户端自动登录流程"
           tests="3"
           failures="3"
           errors="0"
           skipped="0"
           time="74.635">
  <properties />
            <testcase name="case1" time="32.648" classname="TestCases.LuckeyLogin">
                <failure type="java.lang.reflect.InvocationTargetException"
                  message="(null)"
              >
<![CDATA[java.lang.reflect.InvocationTargetException
  sun.reflect.NativeMethodAccessorImpl.invoke0(Native Method)
  sun.reflect.NativeMethodAccessorImpl.invoke(NativeMethodAccessorImpl.java:62)
  sun.reflect.DelegatingMethodAccessorImpl.invoke(DelegatingMethodAccessorImpl.java:43)
  java.lang.reflect.Method.invoke(Method.java:498)
  com.jmoney.luckeylink.service.RunUnitService.runCase(RunUnitService.java:85)
  TestCases.LuckeyLogin.case1(LuckeyLogin.java:30)
  sun.reflect.NativeMethodAccessorImpl.invoke0(Native Method)
  sun.reflect.NativeMethodAccessorImpl.invoke(NativeMethodAccessorImpl.java:62)
  sun.reflect.DelegatingMethodAccessorImpl.invoke(DelegatingMethodAccessorImpl.java:43)
  java.lang.reflect.Method.invoke(Method.java:498)
  org.testng.internal.MethodInvocationHelper.invokeMethod(MethodInvocationHelper.java:86)
  org.testng.internal.InvokeMethodRunnable.runOne(InvokeMethodRunnable.java:54)
  org.testng.internal.InvokeMethodRunnable.run(InvokeMethodRunnable.java:44)
  java.util.concurrent.Executors$RunnableAdapter.call(Executors.java:511)
  java.util.concurrent.FutureTask.run(FutureTask.java:266)
  java.util.concurrent.ThreadPoolExecutor.runWorker(ThreadPoolExecutor.java:1142)
  java.util.concurrent.ThreadPoolExecutor$Worker.run(ThreadPoolExecutor.java:617)
  java.lang.Thread.run(Thread.java:745)
Caused by: java.lang.IndexOutOfBoundsException: Index: 0, Size: 0
  java.util.ArrayList.rangeCheck(ArrayList.java:653)
  java.util.ArrayList.get(ArrayList.java:429)
  com.jmoney.luckeylink.util.AppiumUtil.getElement(AppiumUtil.java:80)
  com.jmoney.luckeylink.handler.ClickActionHandler.androidClick(ClickActionHandler.java:106)
  sun.reflect.NativeMethodAccessorImpl.invoke0(Native Method)
  sun.reflect.NativeMethodAccessorImpl.invoke(NativeMethodAccessorImpl.java:62)
  sun.reflect.DelegatingMethodAccessorImpl.invoke(DelegatingMethodAccessorImpl.java:43)
  java.lang.reflect.Method.invoke(Method.java:498)
  com.jmoney.luckeylink.service.RunUnitService.runCase(RunUnitService.java:85)
  TestCases.LuckeyLogin.case1(LuckeyLogin.java:30)
  sun.reflect.NativeMethodAccessorImpl.invoke0(Native Method)
  sun.reflect.NativeMethodAccessorImpl.invoke(NativeMethodAccessorImpl.java:62)
  sun.reflect.DelegatingMethodAccessorImpl.invoke(DelegatingMethodAccessorImpl.java:43)
  java.lang.reflect.Method.invoke(Method.java:498)
  org.testng.internal.MethodInvocationHelper.invokeMethod(MethodInvocationHelper.java:86)
  org.testng.internal.InvokeMethodRunnable.runOne(InvokeMethodRunnable.java:54)
  org.testng.internal.InvokeMethodRunnable.run(InvokeMethodRunnable.java:44)
  java.util.concurrent.Executors$RunnableAdapter.call(Executors.java:511)
  java.util.concurrent.FutureTask.run(FutureTask.java:266)
  java.util.concurrent.ThreadPoolExecutor.runWorker(ThreadPoolExecutor.java:1142)
  java.util.concurrent.ThreadPoolExecutor$Worker.run(ThreadPoolExecutor.java:617)
  java.lang.Thread.run(Thread.java:745)
]]>
      </failure>

          </testcase>
            <testcase name="case2" time="30.614" classname="TestCases.LuckeyLogin">
                <failure type="java.lang.reflect.InvocationTargetException"
                  message="(null)"
              >
<![CDATA[java.lang.reflect.InvocationTargetException
  sun.reflect.NativeMethodAccessorImpl.invoke0(Native Method)
  sun.reflect.NativeMethodAccessorImpl.invoke(NativeMethodAccessorImpl.java:62)
  sun.reflect.DelegatingMethodAccessorImpl.invoke(DelegatingMethodAccessorImpl.java:43)
  java.lang.reflect.Method.invoke(Method.java:498)
  com.jmoney.luckeylink.service.RunUnitService.runCase(RunUnitService.java:85)
  TestCases.LuckeyLogin.case2(LuckeyLogin.java:36)
  sun.reflect.NativeMethodAccessorImpl.invoke0(Native Method)
  sun.reflect.NativeMethodAccessorImpl.invoke(NativeMethodAccessorImpl.java:62)
  sun.reflect.DelegatingMethodAccessorImpl.invoke(DelegatingMethodAccessorImpl.java:43)
  java.lang.reflect.Method.invoke(Method.java:498)
  org.testng.internal.MethodInvocationHelper.invokeMethod(MethodInvocationHelper.java:86)
  org.testng.internal.InvokeMethodRunnable.runOne(InvokeMethodRunnable.java:54)
  org.testng.internal.InvokeMethodRunnable.run(InvokeMethodRunnable.java:44)
  java.util.concurrent.Executors$RunnableAdapter.call(Executors.java:511)
  java.util.concurrent.FutureTask.run(FutureTask.java:266)
  java.util.concurrent.ThreadPoolExecutor.runWorker(ThreadPoolExecutor.java:1142)
  java.util.concurrent.ThreadPoolExecutor$Worker.run(ThreadPoolExecutor.java:617)
  java.lang.Thread.run(Thread.java:745)
Caused by: java.lang.IndexOutOfBoundsException: Index: 0, Size: 0
  java.util.ArrayList.rangeCheck(ArrayList.java:653)
  java.util.ArrayList.get(ArrayList.java:429)
  com.jmoney.luckeylink.util.AppiumUtil.getElement(AppiumUtil.java:80)
  com.jmoney.luckeylink.handler.ClickActionHandler.androidClick(ClickActionHandler.java:106)
  sun.reflect.NativeMethodAccessorImpl.invoke0(Native Method)
  sun.reflect.NativeMethodAccessorImpl.invoke(NativeMethodAccessorImpl.java:62)
  sun.reflect.DelegatingMethodAccessorImpl.invoke(DelegatingMethodAccessorImpl.java:43)
  java.lang.reflect.Method.invoke(Method.java:498)
  com.jmoney.luckeylink.service.RunUnitService.runCase(RunUnitService.java:85)
  TestCases.LuckeyLogin.case2(LuckeyLogin.java:36)
  sun.reflect.NativeMethodAccessorImpl.invoke0(Native Method)
  sun.reflect.NativeMethodAccessorImpl.invoke(NativeMethodAccessorImpl.java:62)
  sun.reflect.DelegatingMethodAccessorImpl.invoke(DelegatingMethodAccessorImpl.java:43)
  java.lang.reflect.Method.invoke(Method.java:498)
  org.testng.internal.MethodInvocationHelper.invokeMethod(MethodInvocationHelper.java:86)
  org.testng.internal.InvokeMethodRunnable.runOne(InvokeMethodRunnable.java:54)
  org.testng.internal.InvokeMethodRunnable.run(InvokeMethodRunnable.java:44)
  java.util.concurrent.Executors$RunnableAdapter.call(Executors.java:511)
  java.util.concurrent.FutureTask.run(FutureTask.java:266)
  java.util.concurrent.ThreadPoolExecutor.runWorker(ThreadPoolExecutor.java:1142)
  java.util.concurrent.ThreadPoolExecutor$Worker.run(ThreadPoolExecutor.java:617)
  java.lang.Thread.run(Thread.java:745)
]]>
      </failure>

          </testcase>
            <testcase name="case4" time="11.373" classname="TestCases.LuckeyLogin">
                <failure type="java.lang.reflect.InvocationTargetException"
                  message="(null)"
              >
<![CDATA[java.lang.reflect.InvocationTargetException
  sun.reflect.NativeMethodAccessorImpl.invoke0(Native Method)
  sun.reflect.NativeMethodAccessorImpl.invoke(NativeMethodAccessorImpl.java:62)
  sun.reflect.DelegatingMethodAccessorImpl.invoke(DelegatingMethodAccessorImpl.java:43)
  java.lang.reflect.Method.invoke(Method.java:498)
  com.jmoney.luckeylink.service.RunUnitService.runCase(RunUnitService.java:85)
  TestCases.LuckeyLogin.case4(LuckeyLogin.java:48)
  sun.reflect.NativeMethodAccessorImpl.invoke0(Native Method)
  sun.reflect.NativeMethodAccessorImpl.invoke(NativeMethodAccessorImpl.java:62)
  sun.reflect.DelegatingMethodAccessorImpl.invoke(DelegatingMethodAccessorImpl.java:43)
  java.lang.reflect.Method.invoke(Method.java:498)
  org.testng.internal.MethodInvocationHelper.invokeMethod(MethodInvocationHelper.java:86)
  org.testng.internal.InvokeMethodRunnable.runOne(InvokeMethodRunnable.java:54)
  org.testng.internal.InvokeMethodRunnable.run(InvokeMethodRunnable.java:44)
  java.util.concurrent.Executors$RunnableAdapter.call(Executors.java:511)
  java.util.concurrent.FutureTask.run(FutureTask.java:266)
  java.util.concurrent.ThreadPoolExecutor.runWorker(ThreadPoolExecutor.java:1142)
  java.util.concurrent.ThreadPoolExecutor$Worker.run(ThreadPoolExecutor.java:617)
  java.lang.Thread.run(Thread.java:745)
Caused by: java.lang.IndexOutOfBoundsException: Index: 0, Size: 0
  java.util.ArrayList.rangeCheck(ArrayList.java:653)
  java.util.ArrayList.get(ArrayList.java:429)
  com.jmoney.luckeylink.util.AppiumUtil.getElement(AppiumUtil.java:80)
  com.jmoney.luckeylink.handler.InputActionHandler.androidInput(InputActionHandler.java:36)
  sun.reflect.NativeMethodAccessorImpl.invoke0(Native Method)
  sun.reflect.NativeMethodAccessorImpl.invoke(NativeMethodAccessorImpl.java:62)
  sun.reflect.DelegatingMethodAccessorImpl.invoke(DelegatingMethodAccessorImpl.java:43)
  java.lang.reflect.Method.invoke(Method.java:498)
  com.jmoney.luckeylink.service.RunUnitService.runCase(RunUnitService.java:85)
  TestCases.LuckeyLogin.case4(LuckeyLogin.java:48)
  sun.reflect.NativeMethodAccessorImpl.invoke0(Native Method)
  sun.reflect.NativeMethodAccessorImpl.invoke(NativeMethodAccessorImpl.java:62)
  sun.reflect.DelegatingMethodAccessorImpl.invoke(DelegatingMethodAccessorImpl.java:43)
  java.lang.reflect.Method.invoke(Method.java:498)
  org.testng.internal.MethodInvocationHelper.invokeMethod(MethodInvocationHelper.java:86)
  org.testng.internal.InvokeMethodRunnable.runOne(InvokeMethodRunnable.java:54)
  org.testng.internal.InvokeMethodRunnable.run(InvokeMethodRunnable.java:44)
  java.util.concurrent.Executors$RunnableAdapter.call(Executors.java:511)
  java.util.concurrent.FutureTask.run(FutureTask.java:266)
  java.util.concurrent.ThreadPoolExecutor.runWorker(ThreadPoolExecutor.java:1142)
  java.util.concurrent.ThreadPoolExecutor$Worker.run(ThreadPoolExecutor.java:617)
  java.lang.Thread.run(Thread.java:745)
]]>
      </failure>

          </testcase>
  
  
  
</testsuite>
